[10:58:50.945][info] [#0:/home/_gri/.local/share/nvim/mason/packages/lua-language-server/libexec/main.lua:66]: Lua Lsp startup, root: 	/home/_gri/.local/share/nvim/mason/packages/lua-language-server/libexec
[10:58:50.946][info] [#0:/home/_gri/.local/share/nvim/mason/packages/lua-language-server/libexec/main.lua:67]: ROOT:	/home/_gri/.local/share/nvim/mason/packages/lua-language-server/libexec
[10:58:50.946][info] [#0:/home/_gri/.local/share/nvim/mason/packages/lua-language-server/libexec/main.lua:68]: LOGPATH:	/home/_gri/.local/share/nvim/mason/packages/lua-language-server/libexec/log
[10:58:50.946][info] [#0:/home/_gri/.local/share/nvim/mason/packages/lua-language-server/libexec/main.lua:69]: METAPATH:	/home/_gri/.local/share/nvim/mason/packages/lua-language-server/libexec/meta
[10:58:50.946][info] [#0:/home/_gri/.local/share/nvim/mason/packages/lua-language-server/libexec/main.lua:70]: VERSION:	3.6.19
[10:58:50.987][info] [#0:script/service/service.lua:144]: 
========= Medical Examination Report =========
    --------------- Memory ---------------
        Total: 2.115 MB
        # 00 : 2.115 MB
        # 01 : 0.000 MB
        # 02 : 0.000 MB
        # 03 : 0.000 MB
        # 04 : 0.000 MB
    --------------- Coroutine ---------------
        Total:     0
        Running:   0
        Suspended: 0
        Normal:    0
        Dead:      0
    --------------- Cache ---------------
        Total: 1
        Dead:  0
    ---------------  RPC  ---------------
        Holdon:   0
        Waiting:  0
==============================================
[10:58:50.996][info] [#0:script/client.lua:657]: Client init	{
  capabilities = {
    textDocument = {
      callHierarchy = {
        dynamicRegistration = false
      },
      codeAction = {
        codeActionLiteralSupport = {
          codeActionKind = {
            valueSet = { "", "quickfix", "refactor", "refactor.extract", "refactor.inline", "refactor.rewrite", "source", "source.organizeImports" }
          }
        },
        dataSupport = true,
        dynamicRegistration = false,
        isPreferredSupport = true,
        resolveSupport = {
          properties = { "edit" }
        }
      },
      completion = {
        completionItem = {
          commitCharactersSupport = true,
          deprecatedSupport = true,
          documentationFormat = { "markdown", "plaintext" },
          insertReplaceSupport = true,
          labelDetailsSupport = true,
          preselectSupport = true,
          resolveSupport = {
            properties = { "documentation", "detail", "additionalTextEdits" }
          },
          snippetSupport = true,
          tagSupport = {
            valueSet = { 1 }
          }
        },
        completionItemKind = {
          valueSet = { 1, 2, 3, 4, 5, 6, 7, 8, 9, 10, 11, 12, 13, 14, 15, 16, 17, 18, 19, 20, 21, 22, 23, 24, 25 }
        },
        contextSupport = false,
        dynamicRegistration = false
      },
      declaration = {
        linkSupport = true
      },
      definition = {
        linkSupport = true
      },
      documentHighlight = {
        dynamicRegistration = false
      },
      documentSymbol = {
        dynamicRegistration = false,
        hierarchicalDocumentSymbolSupport = true,
        symbolKind = {
          valueSet = { 1, 2, 3, 4, 5, 6, 7, 8, 9, 10, 11, 12, 13, 14, 15, 16, 17, 18, 19, 20, 21, 22, 23, 24, 25, 26 }
        }
      },
      hover = {
        contentFormat = { "markdown", "plaintext" },
        dynamicRegistration = false
      },
      implementation = {
        linkSupport = true
      },
      publishDiagnostics = {
        relatedInformation = true,
        tagSupport = {
          valueSet = { 1, 2 }
        }
      },
      references = {
        dynamicRegistration = false
      },
      rename = {
        dynamicRegistration = false,
        prepareSupport = true
      },
      semanticTokens = {
        augmentsSyntaxTokens = true,
        dynamicRegistration = false,
        formats = { "relative" },
        multilineTokenSupport = false,
        overlappingTokenSupport = true,
        requests = {
          full = {
            delta = true
          },
          range = false
        },
        serverCancelSupport = false,
        tokenModifiers = { "declaration", "definition", "readonly", "static", "deprecated", "abstract", "async", "modification", "documentation", "defaultLibrary" },
        tokenTypes = { "namespace", "type", "class", "enum", "interface", "struct", "typeParameter", "parameter", "variable", "property", "enumMember", "event", "function", "method", "macro", "keyword", "modifier", "comment", "string", "number", "regexp", "operator", "decorator" }
      },
      signatureHelp = {
        dynamicRegistration = false,
        signatureInformation = {
          activeParameterSupport = true,
          documentationFormat = { "markdown", "plaintext" },
          parameterInformation = {
            labelOffsetSupport = true
          }
        }
      },
      synchronization = {
        didSave = true,
        dynamicRegistration = false,
        willSave = true,
        willSaveWaitUntil = true
      },
      typeDefinition = {
        linkSupport = true
      }
    },
    window = {
      showDocument = {
        support = true
      },
      showMessage = {
        messageActionItem = {
          additionalPropertiesSupport = false
        }
      },
      workDoneProgress = true
    },
    workspace = {
      applyEdit = true,
      configuration = true,
      didChangeWatchedFiles = {
        dynamicRegistration = false,
        relativePatternSupport = true
      },
      semanticTokens = {
        refreshSupport = true
      },
      symbol = {
        dynamicRegistration = false,
        hierarchicalWorkspaceSymbolSupport = true,
        symbolKind = {
          valueSet = { 1, 2, 3, 4, 5, 6, 7, 8, 9, 10, 11, 12, 13, 14, 15, 16, 17, 18, 19, 20, 21, 22, 23, 24, 25, 26 }
        }
      },
      workspaceEdit = {
        resourceOperations = { "rename", "create", "delete" }
      },
      workspaceFolders = true
    }
  },
  clientInfo = {
    name = "Neovim",
    version = "0.9.0"
  },
  initializationOptions = {},
  processId = 16229,
  rootPath = "/home/_gri/.config/nvim",
  rootUri = "file:///home/_gri/.config/nvim",
  trace = "off",
  workspaceFolders = { {
      name = "/home/_gri/.config/nvim",
      uri = "file:///home/_gri/.config/nvim"
    } }
}
[10:58:50.996][info] [#0:script/language.lua:137]: VSC language: nil
[10:58:50.996][info] [#0:script/language.lua:138]: LS  language: en-us
[10:58:50.996][info] [#0:script/workspace/workspace.lua:38]: Workspace init root: 	file:///home/_gri/.config/nvim
[10:58:50.996][info] [#0:script/workspace/workspace.lua:42]: Log path: 	/home/_gri/.local/share/nvim/mason/packages/lua-language-server/libexec/log/file_home__gri_.config_nvim.log
[10:58:50.997][info] [#0:script/workspace/workspace.lua:48]: Workspace create: 	file:///home/_gri/.config/nvim
[10:58:51.100][info] [#0:script/provider/provider.lua:46]: Load config from client	file:///home/_gri/.config/nvim
[10:58:51.100][info] [#0:script/provider/provider.lua:47]: {
  Lua = {
    diagnostics = {
      globals = { "vim" }
    },
    telemetry = {
      enable = false
    },
    workspace = {
      library = {
        ["/home/_gri/.local/share/nvim/lazy/extensions/nvchad_types"] = true,
        ["/home/_gri/.local/share/nvim/lazy/lazy.nvim/lua/lazy"] = true,
        ["/usr/share/nvim/runtime/lua"] = true,
        ["/usr/share/nvim/runtime/lua/vim/lsp"] = true
      },
      maxPreload = 100000,
      preloadFileSize = 10000
    }
  }
}
[10:58:51.101][info] [#0:script/provider/provider.lua:46]: Load config from client	file:///home/_gri/.config/nvim
[10:58:51.101][info] [#0:script/provider/provider.lua:47]: {
  Lua = {
    diagnostics = {
      globals = { "vim" }
    },
    telemetry = {
      enable = false
    },
    workspace = {
      library = {
        ["/home/_gri/.local/share/nvim/lazy/extensions/nvchad_types"] = true,
        ["/home/_gri/.local/share/nvim/lazy/lazy.nvim/lua/lazy"] = true,
        ["/usr/share/nvim/runtime/lua"] = true,
        ["/usr/share/nvim/runtime/lua/vim/lsp"] = true
      },
      maxPreload = 100000,
      preloadFileSize = 10000
    }
  }
}
[10:58:51.101][info] [#0:script/provider/provider.lua:46]: Load config from client	file:///home/_gri/.config/nvim
[10:58:51.102][info] [#0:script/provider/provider.lua:47]: {
  Lua = {
    diagnostics = {
      globals = { "vim" }
    },
    telemetry = {
      enable = false
    },
    workspace = {
      library = {
        ["/home/_gri/.local/share/nvim/lazy/extensions/nvchad_types"] = true,
        ["/home/_gri/.local/share/nvim/lazy/lazy.nvim/lua/lazy"] = true,
        ["/usr/share/nvim/runtime/lua"] = true,
        ["/usr/share/nvim/runtime/lua/vim/lsp"] = true
      },
      maxPreload = 100000,
      preloadFileSize = 10000
    }
  }
}
[10:58:51.102][info] [#0:script/provider/provider.lua:61]: Load config from client	fallback
[10:58:51.102][info] [#0:script/provider/provider.lua:62]: {
  Lua = {
    diagnostics = {
      globals = { "vim" }
    },
    telemetry = {
      enable = false
    },
    workspace = {
      library = {
        ["/home/_gri/.local/share/nvim/lazy/extensions/nvchad_types"] = true,
        ["/home/_gri/.local/share/nvim/lazy/lazy.nvim/lua/lazy"] = true,
        ["/usr/share/nvim/runtime/lua"] = true,
        ["/usr/share/nvim/runtime/lua/vim/lsp"] = true
      },
      maxPreload = 100000,
      preloadFileSize = 10000
    }
  }
}
[10:58:51.102][info] [#0:script/library.lua:212]: Init builtin library at:	file:///home/_gri/.config/nvim
[10:58:51.122][info] [#0:script/plugin.lua:86]: plugin path:	/home/_gri/.config/nvim
[10:58:51.122][warn] [#0:script/plugin.lua:101]: plugin not found:	/home/_gri/.config/nvim
[10:58:51.122][info] [#0:script/library.lua:212]: Init builtin library at:	nil
[10:58:51.135][info] [#0:script/provider/provider.lua:61]: Load config from client	fallback
[10:58:51.138][info] [#0:script/provider/provider.lua:62]: {
  Lua = {
    diagnostics = {
      globals = { "vim" }
    },
    telemetry = {
      enable = false
    },
    workspace = {
      library = {
        ["/home/_gri/.local/share/nvim/lazy/extensions/nvchad_types"] = true,
        ["/home/_gri/.local/share/nvim/lazy/lazy.nvim/lua/lazy"] = true,
        ["/usr/share/nvim/runtime/lua"] = true,
        ["/usr/share/nvim/runtime/lua/vim/lsp"] = true
      },
      maxPreload = 100000,
      preloadFileSize = 10000
    }
  }
}
[10:58:51.138][info] [#0:script/provider/provider.lua:61]: Load config from client	fallback
[10:58:51.138][info] [#0:script/provider/provider.lua:62]: {
  Lua = {
    diagnostics = {
      globals = { "vim" }
    },
    telemetry = {
      enable = false
    },
    workspace = {
      library = {
        ["/home/_gri/.local/share/nvim/lazy/extensions/nvchad_types"] = true,
        ["/home/_gri/.local/share/nvim/lazy/lazy.nvim/lua/lazy"] = true,
        ["/usr/share/nvim/runtime/lua"] = true,
        ["/usr/share/nvim/runtime/lua/vim/lsp"] = true
      },
      maxPreload = 100000,
      preloadFileSize = 10000
    }
  }
}
[10:58:51.240][info] [#0:script/workspace/workspace.lua:322]: Preload start:	file:///home/_gri/.config/nvim
[10:58:51.247][info] [#0:script/workspace/workspace.lua:328]: Scan files at:	file:///home/_gri/.config/nvim
[10:58:51.249][info] [#0:script/workspace/workspace.lua:322]: Preload start:	<fallback>
[10:58:51.254][info] [#0:script/workspace/workspace.lua:351]: Scan library at:	file:///home/_gri/.local/share/nvim/mason/packages/lua-language-server/libexec/meta/Lua%205.4%20en-us%20utf8/os.lua
[10:58:51.254][info] [#0:script/workspace/workspace.lua:351]: Scan library at:	file:///home/_gri/.local/share/nvim/mason/packages/lua-language-server/libexec/meta/Lua%205.4%20en-us%20utf8/string.lua
[10:58:51.254][info] [#0:script/workspace/workspace.lua:351]: Scan library at:	file:///home/_gri/.local/share/nvim/lazy/lazy.nvim/lua/lazy
[10:58:51.260][info] [#0:script/workspace/workspace.lua:351]: Scan library at:	file:///home/_gri/.local/share/nvim/mason/packages/lua-language-server/libexec/meta/Lua%205.4%20en-us%20utf8/os.lua
[10:58:51.260][info] [#0:script/workspace/workspace.lua:351]: Scan library at:	file:///home/_gri/.local/share/nvim/mason/packages/lua-language-server/libexec/meta/Lua%205.4%20en-us%20utf8/string.lua
[10:58:51.261][info] [#0:script/workspace/workspace.lua:351]: Scan library at:	file:///home/_gri/.local/share/nvim/lazy/lazy.nvim/lua/lazy
[10:58:51.263][info] [#0:script/workspace/workspace.lua:351]: Scan library at:	file:///home/_gri/.local/share/nvim/mason/packages/lua-language-server/libexec/meta/Lua%205.4%20en-us%20utf8/math.lua
[10:58:51.263][info] [#0:script/workspace/workspace.lua:351]: Scan library at:	file:///home/_gri/.local/share/nvim/mason/packages/lua-language-server/libexec/meta/Lua%205.4%20en-us%20utf8/coroutine.lua
[10:58:51.263][info] [#0:script/workspace/workspace.lua:351]: Scan library at:	file:///home/_gri/.local/share/nvim/mason/packages/lua-language-server/libexec/meta/Lua%205.4%20en-us%20utf8/io.lua
[10:58:51.263][info] [#0:script/workspace/workspace.lua:351]: Scan library at:	file:///home/_gri/.local/share/nvim/mason/packages/lua-language-server/libexec/meta/Lua%205.4%20en-us%20utf8/utf8.lua
[10:58:51.264][info] [#0:script/workspace/workspace.lua:351]: Scan library at:	file:///home/_gri/.local/share/nvim/mason/packages/lua-language-server/libexec/meta/Lua%205.4%20en-us%20utf8/package.lua
[10:58:51.264][info] [#0:script/workspace/workspace.lua:351]: Scan library at:	file:///usr/share/nvim/runtime/lua
[10:58:51.267][info] [#0:script/workspace/workspace.lua:351]: Scan library at:	file:///home/_gri/.local/share/nvim/mason/packages/lua-language-server/libexec/meta/Lua%205.4%20en-us%20utf8/math.lua
[10:58:51.268][info] [#0:script/workspace/workspace.lua:351]: Scan library at:	file:///home/_gri/.local/share/nvim/mason/packages/lua-language-server/libexec/meta/Lua%205.4%20en-us%20utf8/coroutine.lua
[10:58:51.268][info] [#0:script/workspace/workspace.lua:351]: Scan library at:	file:///home/_gri/.local/share/nvim/mason/packages/lua-language-server/libexec/meta/Lua%205.4%20en-us%20utf8/io.lua
[10:58:51.269][info] [#0:script/workspace/workspace.lua:351]: Scan library at:	file:///home/_gri/.local/share/nvim/mason/packages/lua-language-server/libexec/meta/Lua%205.4%20en-us%20utf8/utf8.lua
[10:58:51.269][info] [#0:script/workspace/workspace.lua:351]: Scan library at:	file:///home/_gri/.local/share/nvim/mason/packages/lua-language-server/libexec/meta/Lua%205.4%20en-us%20utf8/package.lua
[10:58:51.269][info] [#0:script/workspace/workspace.lua:351]: Scan library at:	file:///usr/share/nvim/runtime/lua
[10:58:51.272][info] [#0:script/workspace/workspace.lua:351]: Scan library at:	file:///usr/share/nvim/runtime/lua/vim/lsp
[10:58:51.273][info] [#0:script/workspace/workspace.lua:351]: Scan library at:	file:///home/_gri/.local/share/nvim/mason/packages/lua-language-server/libexec/meta/Lua%205.4%20en-us%20utf8/table.lua
[10:58:51.273][info] [#0:script/workspace/workspace.lua:351]: Scan library at:	file:///home/_gri/.local/share/nvim/mason/packages/lua-language-server/libexec/meta/Lua%205.4%20en-us%20utf8/basic.lua
[10:58:51.273][info] [#0:script/workspace/workspace.lua:351]: Scan library at:	file:///home/_gri/.local/share/nvim/mason/packages/lua-language-server/libexec/meta/Lua%205.4%20en-us%20utf8/builtin.lua
[10:58:51.274][info] [#0:script/workspace/workspace.lua:351]: Scan library at:	file:///home/_gri/.local/share/nvim/lazy/extensions/nvchad_types
[10:58:51.275][info] [#0:script/workspace/workspace.lua:351]: Scan library at:	file:///home/_gri/.local/share/nvim/mason/packages/lua-language-server/libexec/meta/Lua%205.4%20en-us%20utf8/debug.lua
[10:58:51.275][info] [#0:script/workspace/workspace.lua:351]: Scan library at:	file:///usr/share/nvim/runtime/lua/vim/lsp
[10:58:51.276][info] [#0:script/workspace/workspace.lua:351]: Scan library at:	file:///home/_gri/.local/share/nvim/mason/packages/lua-language-server/libexec/meta/Lua%205.4%20en-us%20utf8/table.lua
[10:58:51.277][info] [#0:script/workspace/workspace.lua:351]: Scan library at:	file:///home/_gri/.local/share/nvim/mason/packages/lua-language-server/libexec/meta/Lua%205.4%20en-us%20utf8/basic.lua
[10:58:51.277][info] [#0:script/workspace/workspace.lua:351]: Scan library at:	file:///home/_gri/.local/share/nvim/mason/packages/lua-language-server/libexec/meta/Lua%205.4%20en-us%20utf8/builtin.lua
[10:58:51.277][info] [#0:script/workspace/workspace.lua:351]: Scan library at:	file:///home/_gri/.local/share/nvim/lazy/extensions/nvchad_types
[10:58:51.278][info] [#0:script/workspace/workspace.lua:351]: Scan library at:	file:///home/_gri/.local/share/nvim/mason/packages/lua-language-server/libexec/meta/Lua%205.4%20en-us%20utf8/debug.lua
[10:58:51.378][info] [#0:script/workspace/workspace.lua:377]: Found 124 files at:	<fallback>
[10:58:51.378][info] [#0:script/workspace/loading.lua:161]: Load files from disk:	<fallback>
[10:58:51.378][info] [#0:script/workspace/workspace.lua:377]: Found 140 files at:	file:///home/_gri/.config/nvim
[10:58:51.378][info] [#0:script/workspace/loading.lua:161]: Load files from disk:	file:///home/_gri/.config/nvim
[10:58:51.380][info] [#0:script/workspace/loading.lua:101]: Preload file at: file:///home/_gri/.local/share/nvim/mason/packages/lua-language-server/libexec/meta/Lua%205.4%20en-us%20utf8/debug.lua , size = 7.637 KB
[10:58:51.397][info] [#0:script/workspace/loading.lua:113]: ++++As library of:	file:///home/_gri/.local/share/nvim/mason/packages/lua-language-server/libexec/meta/Lua%205.4%20en-us%20utf8/debug.lua
[10:58:51.397][info] [#0:script/workspace/loading.lua:101]: Preload file at: file:///home/_gri/.local/share/nvim/lazy/extensions/nvchad_types/plugins.lua , size = 5.674 KB
[10:58:51.402][info] [#0:script/workspace/loading.lua:113]: ++++As library of:	file:///home/_gri/.local/share/nvim/lazy/extensions/nvchad_types
[10:58:51.402][info] [#0:script/workspace/loading.lua:98]: Skip loaded file: file:///home/_gri/.local/share/nvim/lazy/extensions/nvchad_types/plugins.lua
[10:58:51.402][info] [#0:script/workspace/loading.lua:101]: Preload file at: file:///home/_gri/.local/share/nvim/lazy/extensions/nvchad_types/keymaps.lua , size = 1.461 KB
[10:58:51.403][info] [#0:script/workspace/loading.lua:113]: ++++As library of:	file:///home/_gri/.local/share/nvim/lazy/extensions/nvchad_types
[10:58:51.403][info] [#0:script/workspace/loading.lua:98]: Skip loaded file: file:///home/_gri/.local/share/nvim/lazy/extensions/nvchad_types/keymaps.lua
[10:58:51.403][info] [#0:script/workspace/loading.lua:101]: Preload file at: file:///home/_gri/.local/share/nvim/lazy/extensions/nvchad_types/chadrc.lua , size = 8.544 KB
[10:58:51.417][info] [#0:script/workspace/loading.lua:113]: ++++As library of:	file:///home/_gri/.local/share/nvim/lazy/extensions/nvchad_types
[10:58:51.417][info] [#0:script/workspace/loading.lua:98]: Skip loaded file: file:///home/_gri/.local/share/nvim/lazy/extensions/nvchad_types/chadrc.lua
[10:58:51.417][info] [#0:script/workspace/loading.lua:101]: Preload file at: file:///home/_gri/.local/share/nvim/lazy/extensions/nvchad_types/base46.lua , size = 4.057 KB
[10:58:51.422][info] [#0:script/workspace/loading.lua:113]: ++++As library of:	file:///home/_gri/.local/share/nvim/lazy/extensions/nvchad_types
[10:58:51.422][info] [#0:script/workspace/loading.lua:98]: Skip loaded file: file:///home/_gri/.local/share/nvim/lazy/extensions/nvchad_types/base46.lua
[10:58:51.422][info] [#0:script/workspace/loading.lua:101]: Preload file at: file:///home/_gri/.local/share/nvim/lazy/extensions/nvchad_types/all_hl_groups.lua , size = 32.020 KB
[10:58:51.453][info] [#0:script/workspace/loading.lua:113]: ++++As library of:	file:///home/_gri/.local/share/nvim/lazy/extensions/nvchad_types
[10:58:51.453][info] [#0:script/workspace/loading.lua:98]: Skip loaded file: file:///home/_gri/.local/share/nvim/lazy/extensions/nvchad_types/all_hl_groups.lua
[10:58:51.453][info] [#0:script/workspace/loading.lua:101]: Preload file at: file:///home/_gri/.local/share/nvim/lazy/extensions/nvchad_types/themes.lua , size = 4.698 KB
[10:58:51.458][info] [#0:script/workspace/loading.lua:113]: ++++As library of:	file:///home/_gri/.local/share/nvim/lazy/extensions/nvchad_types
[10:58:51.458][info] [#0:script/workspace/loading.lua:98]: Skip loaded file: file:///home/_gri/.local/share/nvim/lazy/extensions/nvchad_types/themes.lua
[10:58:51.458][info] [#0:script/workspace/loading.lua:101]: Preload file at: file:///home/_gri/.local/share/nvim/mason/packages/lua-language-server/libexec/meta/Lua%205.4%20en-us%20utf8/builtin.lua , size = 0.302 KB
[10:58:51.459][info] [#0:script/workspace/loading.lua:113]: ++++As library of:	file:///home/_gri/.local/share/nvim/mason/packages/lua-language-server/libexec/meta/Lua%205.4%20en-us%20utf8/builtin.lua
[10:58:51.459][info] [#0:script/workspace/loading.lua:98]: Skip loaded file: file:///home/_gri/.local/share/nvim/mason/packages/lua-language-server/libexec/meta/Lua%205.4%20en-us%20utf8/builtin.lua
[10:58:51.460][info] [#0:script/workspace/loading.lua:98]: Skip loaded file: file:///home/_gri/.local/share/nvim/mason/packages/lua-language-server/libexec/meta/Lua%205.4%20en-us%20utf8/debug.lua
[10:58:51.460][info] [#0:script/workspace/loading.lua:101]: Preload file at: file:///home/_gri/.local/share/nvim/mason/packages/lua-language-server/libexec/meta/Lua%205.4%20en-us%20utf8/basic.lua , size = 14.160 KB
[10:58:51.471][info] [#0:script/workspace/loading.lua:113]: ++++As library of:	file:///home/_gri/.local/share/nvim/mason/packages/lua-language-server/libexec/meta/Lua%205.4%20en-us%20utf8/basic.lua
[10:58:51.472][info] [#0:script/workspace/loading.lua:101]: Preload file at: file:///home/_gri/.local/share/nvim/mason/packages/lua-language-server/libexec/meta/Lua%205.4%20en-us%20utf8/table.lua , size = 4.230 KB
[10:58:51.488][info] [#0:script/workspace/loading.lua:113]: ++++As library of:	file:///home/_gri/.local/share/nvim/mason/packages/lua-language-server/libexec/meta/Lua%205.4%20en-us%20utf8/table.lua
[10:58:51.488][info] [#0:script/workspace/loading.lua:98]: Skip loaded file: file:///home/_gri/.local/share/nvim/mason/packages/lua-language-server/libexec/meta/Lua%205.4%20en-us%20utf8/table.lua
[10:58:51.488][info] [#0:script/workspace/loading.lua:98]: Skip loaded file: file:///home/_gri/.local/share/nvim/mason/packages/lua-language-server/libexec/meta/Lua%205.4%20en-us%20utf8/basic.lua
[10:58:51.488][info] [#0:script/workspace/loading.lua:101]: Preload file at: file:///usr/share/nvim/runtime/lua/vim/lsp/codelens.lua , size = 8.261 KB
[10:58:51.498][info] [#0:script/workspace/loading.lua:113]: ++++As library of:	file:///usr/share/nvim/runtime/lua/vim/lsp
[10:58:51.499][info] [#0:script/workspace/loading.lua:101]: Preload file at: file:///usr/share/nvim/runtime/lua/vim/lsp/types.lua , size = 0.924 KB
[10:58:51.500][info] [#0:script/workspace/loading.lua:113]: ++++As library of:	file:///usr/share/nvim/runtime/lua/vim/lsp
[10:58:51.500][info] [#0:script/workspace/loading.lua:98]: Skip loaded file: file:///usr/share/nvim/runtime/lua/vim/lsp/types.lua
[10:58:51.501][info] [#0:script/workspace/loading.lua:98]: Skip loaded file: file:///usr/share/nvim/runtime/lua/vim/lsp/codelens.lua
[10:58:51.501][info] [#0:script/workspace/loading.lua:101]: Preload file at: file:///usr/share/nvim/runtime/lua/vim/lsp/diagnostic.lua , size = 8.867 KB
[10:58:51.510][info] [#0:script/workspace/loading.lua:113]: ++++As library of:	file:///usr/share/nvim/runtime/lua/vim/lsp
[10:58:51.510][info] [#0:script/workspace/loading.lua:98]: Skip loaded file: file:///usr/share/nvim/runtime/lua/vim/lsp/diagnostic.lua
[10:58:51.510][info] [#0:script/workspace/loading.lua:101]: Preload file at: file:///usr/share/nvim/runtime/lua/vim/lsp/sync.lua , size = 15.681 KB
[10:58:51.522][info] [#0:script/workspace/loading.lua:113]: ++++As library of:	file:///usr/share/nvim/runtime/lua/vim/lsp
[10:58:51.523][info] [#0:script/workspace/loading.lua:98]: Skip loaded file: file:///usr/share/nvim/runtime/lua/vim/lsp/sync.lua
[10:58:51.523][info] [#0:script/workspace/loading.lua:101]: Preload file at: file:///usr/share/nvim/runtime/lua/vim/lsp/handlers.lua , size = 23.587 KB
[10:58:51.559][info] [#0:script/workspace/loading.lua:113]: ++++As library of:	file:///usr/share/nvim/runtime/lua/vim/lsp
[10:58:51.560][info] [#0:script/workspace/loading.lua:101]: Preload file at: file:///usr/share/nvim/runtime/lua/vim/lsp/buf.lua , size = 27.860 KB
[10:58:51.584][info] [#0:script/workspace/loading.lua:113]: ++++As library of:	file:///usr/share/nvim/runtime/lua/vim/lsp
[10:58:51.584][info] [#0:script/workspace/loading.lua:98]: Skip loaded file: file:///usr/share/nvim/runtime/lua/vim/lsp/handlers.lua
[10:58:51.584][info] [#0:script/workspace/loading.lua:98]: Skip loaded file: file:///usr/share/nvim/runtime/lua/vim/lsp/buf.lua
[10:58:51.584][info] [#0:script/workspace/loading.lua:101]: Preload file at: file:///usr/share/nvim/runtime/lua/vim/lsp/protocol.lua , size = 28.367 KB
[10:58:51.597][info] [#0:script/workspace/loading.lua:113]: ++++As library of:	file:///usr/share/nvim/runtime/lua/vim/lsp
[10:58:51.597][info] [#0:script/workspace/loading.lua:101]: Preload file at: file:///usr/share/nvim/runtime/lua/vim/lsp/tagfunc.lua , size = 2.339 KB
[10:58:51.600][info] [#0:script/workspace/loading.lua:113]: ++++As library of:	file:///usr/share/nvim/runtime/lua/vim/lsp
[10:58:51.600][info] [#0:script/workspace/loading.lua:98]: Skip loaded file: file:///usr/share/nvim/runtime/lua/vim/lsp/tagfunc.lua
[10:58:51.600][info] [#0:script/workspace/loading.lua:101]: Preload file at: file:///usr/share/nvim/runtime/lua/vim/lsp/semantic_tokens.lua , size = 24.755 KB
[10:58:51.624][info] [#0:script/workspace/loading.lua:113]: ++++As library of:	file:///usr/share/nvim/runtime/lua/vim/lsp
[10:58:51.624][info] [#0:script/workspace/loading.lua:98]: Skip loaded file: file:///usr/share/nvim/runtime/lua/vim/lsp/protocol.lua
[10:58:51.624][info] [#0:script/workspace/loading.lua:89]: Skip loaded file: file:///usr/share/nvim/runtime/lua/vim/lsp/semantic_tokens.lua
[10:58:51.624][info] [#0:script/workspace/loading.lua:113]: ++++As library of:	file:///usr/share/nvim/runtime/lua/vim/lsp
[10:58:51.625][info] [#0:script/workspace/loading.lua:101]: Preload file at: file:///usr/share/nvim/runtime/lua/vim/lsp/_watchfiles.lua , size = 9.196 KB
[10:58:51.636][info] [#0:script/workspace/loading.lua:113]: ++++As library of:	file:///usr/share/nvim/runtime/lua/vim/lsp
[10:58:51.636][info] [#0:script/workspace/loading.lua:98]: Skip loaded file: file:///usr/share/nvim/runtime/lua/vim/lsp/_watchfiles.lua
[10:58:51.636][info] [#0:script/workspace/loading.lua:101]: Preload file at: file:///usr/share/nvim/runtime/lua/vim/lsp/rpc.lua , size = 23.695 KB
[10:58:51.685][info] [#0:script/workspace/loading.lua:113]: ++++As library of:	file:///usr/share/nvim/runtime/lua/vim/lsp
[10:58:51.685][info] [#0:script/workspace/loading.lua:98]: Skip loaded file: file:///usr/share/nvim/runtime/lua/vim/lsp/rpc.lua
[10:58:51.685][info] [#0:script/workspace/loading.lua:101]: Preload file at: file:///usr/share/nvim/runtime/lua/vim/lsp/_snippet.lua , size = 10.744 KB
[10:58:51.701][info] [#0:script/workspace/loading.lua:113]: ++++As library of:	file:///usr/share/nvim/runtime/lua/vim/lsp
[10:58:51.701][info] [#0:script/workspace/loading.lua:101]: Preload file at: file:///usr/share/nvim/runtime/lua/vim/lsp/health.lua , size = 1.240 KB
[10:58:51.703][info] [#0:script/workspace/loading.lua:113]: ++++As library of:	file:///usr/share/nvim/runtime/lua/vim/lsp
[10:58:51.704][info] [#0:script/workspace/loading.lua:98]: Skip loaded file: file:///usr/share/nvim/runtime/lua/vim/lsp/_snippet.lua
[10:58:51.704][info] [#0:script/workspace/loading.lua:98]: Skip loaded file: file:///usr/share/nvim/runtime/lua/vim/lsp/health.lua
[10:58:51.704][info] [#0:script/workspace/loading.lua:101]: Preload file at: file:///usr/share/nvim/runtime/lua/vim/lsp/util.lua , size = 70.763 KB
[10:58:51.778][info] [#0:script/workspace/loading.lua:113]: ++++As library of:	file:///usr/share/nvim/runtime/lua/vim/lsp
[10:58:51.778][info] [#0:script/workspace/loading.lua:101]: Preload file at: file:///usr/share/nvim/runtime/lua/vim/lsp/log.lua , size = 5.151 KB
[10:58:51.784][info] [#0:script/workspace/loading.lua:113]: ++++As library of:	file:///usr/share/nvim/runtime/lua/vim/lsp
[10:58:51.784][info] [#0:script/workspace/loading.lua:98]: Skip loaded file: file:///usr/share/nvim/runtime/lua/vim/lsp/log.lua
[10:58:51.784][info] [#0:script/workspace/loading.lua:98]: Skip loaded file: file:///usr/share/nvim/runtime/lua/vim/lsp/util.lua
[10:58:51.784][info] [#0:script/workspace/loading.lua:101]: Preload file at: file:///usr/share/nvim/runtime/lua/_vim9script.lua , size = 15.439 KB
[10:58:51.836][info] [#0:script/workspace/loading.lua:113]: ++++As library of:	file:///usr/share/nvim/runtime/lua
[10:58:51.836][info] [#0:script/workspace/loading.lua:101]: Preload file at: file:///usr/share/nvim/runtime/lua/editorconfig.lua , size = 6.716 KB
[10:58:51.845][info] [#0:script/workspace/loading.lua:113]: ++++As library of:	file:///usr/share/nvim/runtime/lua
[10:58:51.845][info] [#0:script/workspace/loading.lua:98]: Skip loaded file: file:///usr/share/nvim/runtime/lua/_vim9script.lua
[10:58:51.845][info] [#0:script/workspace/loading.lua:98]: Skip loaded file: file:///usr/share/nvim/runtime/lua/editorconfig.lua
[10:58:51.845][info] [#0:script/workspace/loading.lua:101]: Preload file at: file:///usr/share/nvim/runtime/lua/vim/inspect.lua , size = 8.864 KB
[10:58:51.855][info] [#0:script/workspace/loading.lua:113]: ++++As library of:	file:///usr/share/nvim/runtime/lua
[10:58:51.855][info] [#0:script/workspace/loading.lua:98]: Skip loaded file: file:///usr/share/nvim/runtime/lua/vim/inspect.lua
[10:58:51.855][info] [#0:script/workspace/loading.lua:101]: Preload file at: file:///usr/share/nvim/runtime/lua/vim/_inspector.lua , size = 7.792 KB
[10:58:51.865][info] [#0:script/workspace/loading.lua:113]: ++++As library of:	file:///usr/share/nvim/runtime/lua
[10:58:51.865][info] [#0:script/workspace/loading.lua:98]: Skip loaded file: file:///usr/share/nvim/runtime/lua/vim/_inspector.lua
[10:58:51.865][info] [#0:script/workspace/loading.lua:101]: Preload file at: file:///usr/share/nvim/runtime/lua/vim/filetype/options.lua , size = 2.561 KB
[10:58:51.869][info] [#0:script/workspace/loading.lua:113]: ++++As library of:	file:///usr/share/nvim/runtime/lua
[10:58:51.869][info] [#0:script/workspace/loading.lua:98]: Skip loaded file: file:///usr/share/nvim/runtime/lua/vim/filetype/options.lua
[10:58:51.869][info] [#0:script/workspace/loading.lua:101]: Preload file at: file:///usr/share/nvim/runtime/lua/vim/filetype/detect.lua , size = 47.479 KB
[10:58:51.917][info] [#0:script/workspace/loading.lua:113]: ++++As library of:	file:///usr/share/nvim/runtime/lua
[10:58:51.917][info] [#0:script/workspace/loading.lua:98]: Skip loaded file: file:///usr/share/nvim/runtime/lua/vim/filetype/detect.lua
[10:58:51.918][info] [#0:script/workspace/loading.lua:101]: Preload file at: file:///usr/share/nvim/runtime/lua/vim/diagnostic.lua , size = 56.640 KB
[10:58:51.973][info] [#0:script/workspace/loading.lua:113]: ++++As library of:	file:///usr/share/nvim/runtime/lua
[10:58:51.973][info] [#0:script/workspace/loading.lua:98]: Skip loaded file: file:///usr/share/nvim/runtime/lua/vim/diagnostic.lua
[10:58:51.973][info] [#0:script/workspace/loading.lua:101]: Preload file at: file:///usr/share/nvim/runtime/lua/vim/_init_packages.lua , size = 2.773 KB
[10:58:51.977][info] [#0:script/workspace/loading.lua:113]: ++++As library of:	file:///usr/share/nvim/runtime/lua
[10:58:51.977][info] [#0:script/workspace/loading.lua:98]: Skip loaded file: file:///usr/share/nvim/runtime/lua/vim/_init_packages.lua
[10:58:51.977][info] [#0:script/workspace/loading.lua:101]: Preload file at: file:///usr/share/nvim/runtime/lua/vim/secure.lua , size = 4.830 KB
[10:58:51.983][info] [#0:script/workspace/loading.lua:113]: ++++As library of:	file:///usr/share/nvim/runtime/lua
[10:58:51.984][info] [#0:script/workspace/loading.lua:89]: Skip loaded file: file:///usr/share/nvim/runtime/lua/vim/secure.lua
[10:58:51.984][info] [#0:script/workspace/loading.lua:113]: ++++As library of:	file:///usr/share/nvim/runtime/lua
[10:58:51.984][info] [#0:script/workspace/loading.lua:101]: Preload file at: file:///usr/share/nvim/runtime/lua/vim/F.lua , size = 0.824 KB
[10:58:51.985][info] [#0:script/workspace/loading.lua:113]: ++++As library of:	file:///usr/share/nvim/runtime/lua
[10:58:51.985][info] [#0:script/workspace/loading.lua:98]: Skip loaded file: file:///usr/share/nvim/runtime/lua/vim/F.lua
[10:58:51.985][info] [#0:script/workspace/loading.lua:101]: Preload file at: file:///usr/share/nvim/runtime/lua/vim/highlight.lua , size = 3.749 KB
[10:58:51.990][info] [#0:script/workspace/loading.lua:113]: ++++As library of:	file:///usr/share/nvim/runtime/lua
[10:58:51.990][info] [#0:script/workspace/loading.lua:98]: Skip loaded file: file:///usr/share/nvim/runtime/lua/vim/highlight.lua
[10:58:51.990][info] [#0:script/workspace/loading.lua:101]: Preload file at: file:///usr/share/nvim/runtime/lua/vim/lsp.lua , size = 82.409 KB
[10:58:52.107][info] [#0:script/workspace/loading.lua:113]: ++++As library of:	file:///usr/share/nvim/runtime/lua
[10:58:52.107][info] [#0:script/workspace/loading.lua:101]: Preload file at: file:///usr/share/nvim/runtime/lua/vim/uri.lua , size = 3.376 KB
[10:58:52.112][info] [#0:script/workspace/loading.lua:113]: ++++As library of:	file:///usr/share/nvim/runtime/lua
[10:58:52.112][info] [#0:script/workspace/loading.lua:98]: Skip loaded file: file:///usr/share/nvim/runtime/lua/vim/uri.lua
[10:58:52.112][info] [#0:script/workspace/loading.lua:98]: Skip loaded file: file:///usr/share/nvim/runtime/lua/vim/lsp.lua
[10:58:52.112][info] [#0:script/workspace/loading.lua:101]: Preload file at: file:///usr/share/nvim/runtime/lua/vim/filetype.lua , size = 74.400 KB
[10:58:52.186][info] [#0:script/workspace/loading.lua:113]: ++++As library of:	file:///usr/share/nvim/runtime/lua
[10:58:52.186][info] [#0:script/workspace/loading.lua:101]: Preload file at: file:///usr/share/nvim/runtime/lua/vim/keymap.lua , size = 3.573 KB
[10:58:52.191][info] [#0:script/workspace/loading.lua:113]: ++++As library of:	file:///usr/share/nvim/runtime/lua
[10:58:52.191][info] [#0:script/workspace/loading.lua:98]: Skip loaded file: file:///usr/share/nvim/runtime/lua/vim/keymap.lua
[10:58:52.191][info] [#0:script/workspace/loading.lua:101]: Preload file at: file:///usr/share/nvim/runtime/lua/vim/fs.lua , size = 10.662 KB
[10:58:52.202][info] [#0:script/workspace/loading.lua:113]: ++++As library of:	file:///usr/share/nvim/runtime/lua
[10:58:52.202][info] [#0:script/workspace/loading.lua:98]: Skip loaded file: file:///usr/share/nvim/runtime/lua/vim/filetype.lua
[10:58:52.202][info] [#0:script/workspace/loading.lua:98]: Skip loaded file: file:///usr/share/nvim/runtime/lua/vim/fs.lua
[10:58:52.202][info] [#0:script/workspace/loading.lua:101]: Preload file at: file:///usr/share/nvim/runtime/lua/vim/_meta.lua , size = 12.077 KB
[10:58:52.217][info] [#0:script/workspace/loading.lua:113]: ++++As library of:	file:///usr/share/nvim/runtime/lua
[10:58:52.217][info] [#0:script/workspace/loading.lua:98]: Skip loaded file: file:///usr/share/nvim/runtime/lua/vim/_meta.lua
[10:58:52.217][info] [#0:script/workspace/loading.lua:101]: Preload file at: file:///usr/share/nvim/runtime/lua/vim/ui.lua , size = 3.672 KB
[10:58:52.220][info] [#0:script/workspace/loading.lua:113]: ++++As library of:	file:///usr/share/nvim/runtime/lua
[10:58:52.221][info] [#0:script/workspace/loading.lua:89]: Skip loaded file: file:///usr/share/nvim/runtime/lua/vim/ui.lua
[10:58:52.221][info] [#0:script/workspace/loading.lua:113]: ++++As library of:	file:///usr/share/nvim/runtime/lua
[10:58:52.223][info] [#0:script/workspace/loading.lua:101]: Preload file at: file:///usr/share/nvim/runtime/lua/vim/version.lua , size = 12.146 KB
[10:58:52.237][info] [#0:script/workspace/loading.lua:113]: ++++As library of:	file:///usr/share/nvim/runtime/lua
[10:58:52.237][info] [#0:script/workspace/loading.lua:98]: Skip loaded file: file:///usr/share/nvim/runtime/lua/vim/version.lua
[10:58:52.237][info] [#0:script/workspace/loading.lua:101]: Preload file at: file:///usr/share/nvim/runtime/lua/vim/treesitter/languagetree.lua , size = 26.168 KB
[10:58:52.269][info] [#0:script/workspace/loading.lua:113]: ++++As library of:	file:///usr/share/nvim/runtime/lua
[10:58:52.269][info] [#0:script/workspace/loading.lua:98]: Skip loaded file: file:///usr/share/nvim/runtime/lua/vim/treesitter/languagetree.lua
[10:58:52.269][info] [#0:script/workspace/loading.lua:101]: Preload file at: file:///usr/share/nvim/runtime/lua/vim/treesitter/query.lua , size = 21.253 KB
[10:58:52.296][info] [#0:script/workspace/loading.lua:113]: ++++As library of:	file:///usr/share/nvim/runtime/lua
[10:58:52.296][info] [#0:script/workspace/loading.lua:98]: Skip loaded file: file:///usr/share/nvim/runtime/lua/vim/treesitter/query.lua
[10:58:52.296][info] [#0:script/workspace/loading.lua:101]: Preload file at: file:///usr/share/nvim/runtime/lua/vim/treesitter/language.lua , size = 3.528 KB
[10:58:52.302][info] [#0:script/workspace/loading.lua:113]: ++++As library of:	file:///usr/share/nvim/runtime/lua
[10:58:52.302][info] [#0:script/workspace/loading.lua:98]: Skip loaded file: file:///usr/share/nvim/runtime/lua/vim/treesitter/language.lua
[10:58:52.302][info] [#0:script/workspace/loading.lua:101]: Preload file at: file:///usr/share/nvim/runtime/lua/vim/treesitter/_meta.lua , size = 2.839 KB
[10:58:52.308][info] [#0:script/workspace/loading.lua:113]: ++++As library of:	file:///usr/share/nvim/runtime/lua
[10:58:52.309][info] [#0:script/workspace/loading.lua:98]: Skip loaded file: file:///usr/share/nvim/runtime/lua/vim/treesitter/_meta.lua
[10:58:52.309][info] [#0:script/workspace/loading.lua:101]: Preload file at: file:///usr/share/nvim/runtime/lua/vim/treesitter/playground.lua , size = 12.551 KB
[10:58:52.325][info] [#0:script/workspace/loading.lua:113]: ++++As library of:	file:///usr/share/nvim/runtime/lua
[10:58:52.325][info] [#0:script/workspace/loading.lua:101]: Preload file at: file:///usr/share/nvim/runtime/lua/vim/treesitter/health.lua , size = 0.888 KB
[10:58:52.327][info] [#0:script/workspace/loading.lua:113]: ++++As library of:	file:///usr/share/nvim/runtime/lua
[10:58:52.327][info] [#0:script/workspace/loading.lua:98]: Skip loaded file: file:///usr/share/nvim/runtime/lua/vim/treesitter/health.lua
[10:58:52.327][info] [#0:script/workspace/loading.lua:98]: Skip loaded file: file:///usr/share/nvim/runtime/lua/vim/treesitter/playground.lua
[10:58:52.327][info] [#0:script/workspace/loading.lua:101]: Preload file at: file:///usr/share/nvim/runtime/lua/vim/treesitter/_fold.lua , size = 6.753 KB
[10:58:52.408][info] [#0:script/workspace/loading.lua:113]: ++++As library of:	file:///usr/share/nvim/runtime/lua
[10:58:52.409][info] [#0:script/workspace/loading.lua:98]: Skip loaded file: file:///usr/share/nvim/runtime/lua/vim/treesitter/_fold.lua
[10:58:52.409][info] [#0:script/workspace/loading.lua:101]: Preload file at: file:///usr/share/nvim/runtime/lua/vim/treesitter/_range.lua , size = 3.646 KB
[10:58:52.416][info] [#0:script/workspace/loading.lua:113]: ++++As library of:	file:///usr/share/nvim/runtime/lua
[10:58:52.423][info] [#0:script/workspace/loading.lua:89]: Skip loaded file: file:///usr/share/nvim/runtime/lua/vim/treesitter/_range.lua
[10:58:52.424][info] [#0:script/workspace/loading.lua:113]: ++++As library of:	file:///usr/share/nvim/runtime/lua
[10:58:52.424][info] [#0:script/workspace/loading.lua:101]: Preload file at: file:///usr/share/nvim/runtime/lua/vim/treesitter/highlighter.lua , size = 8.609 KB
[10:58:52.437][info] [#0:script/workspace/loading.lua:113]: ++++As library of:	file:///usr/share/nvim/runtime/lua
[10:58:52.437][info] [#0:script/workspace/loading.lua:98]: Skip loaded file: file:///usr/share/nvim/runtime/lua/vim/treesitter/highlighter.lua
[10:58:52.438][info] [#0:script/workspace/loading.lua:101]: Preload file at: file:///usr/share/nvim/runtime/lua/vim/shared.lua , size = 22.392 KB
[10:58:52.465][info] [#0:script/workspace/loading.lua:113]: ++++As library of:	file:///usr/share/nvim/runtime/lua
[10:58:52.465][info] [#0:script/workspace/loading.lua:89]: Skip loaded file: file:///usr/share/nvim/runtime/lua/vim/shared.lua
[10:58:52.466][info] [#0:script/workspace/loading.lua:113]: ++++As library of:	file:///usr/share/nvim/runtime/lua
[10:58:52.466][info] [#0:script/workspace/loading.lua:101]: Preload file at: file:///usr/share/nvim/runtime/lua/vim/_editor.lua , size = 29.339 KB
[10:58:52.497][info] [#0:script/workspace/loading.lua:113]: ++++As library of:	file:///usr/share/nvim/runtime/lua
[10:58:52.497][info] [#0:script/workspace/loading.lua:89]: Skip loaded file: file:///usr/share/nvim/runtime/lua/vim/_editor.lua
[10:58:52.497][info] [#0:script/workspace/loading.lua:113]: ++++As library of:	file:///usr/share/nvim/runtime/lua
[10:58:52.497][info] [#0:script/workspace/loading.lua:101]: Preload file at: file:///usr/share/nvim/runtime/lua/vim/health.lua , size = 1.537 KB
[10:58:52.500][info] [#0:script/workspace/loading.lua:113]: ++++As library of:	file:///usr/share/nvim/runtime/lua
[10:58:52.500][info] [#0:script/workspace/loading.lua:98]: Skip loaded file: file:///usr/share/nvim/runtime/lua/vim/health.lua
[10:58:52.500][info] [#0:script/workspace/loading.lua:101]: Preload file at: file:///usr/share/nvim/runtime/lua/vim/loader.lua , size = 15.990 KB
[10:58:52.520][info] [#0:script/workspace/loading.lua:113]: ++++As library of:	file:///usr/share/nvim/runtime/lua
[10:58:52.521][info] [#0:script/workspace/loading.lua:89]: Skip loaded file: file:///usr/share/nvim/runtime/lua/vim/loader.lua
[10:58:52.521][info] [#0:script/workspace/loading.lua:113]: ++++As library of:	file:///usr/share/nvim/runtime/lua
[10:58:52.521][info] [#0:script/workspace/loading.lua:101]: Preload file at: file:///usr/share/nvim/runtime/lua/vim/_watch.lua , size = 5.115 KB
[10:58:52.528][info] [#0:script/workspace/loading.lua:113]: ++++As library of:	file:///usr/share/nvim/runtime/lua
[10:58:52.532][info] [#0:script/workspace/loading.lua:89]: Skip loaded file: file:///usr/share/nvim/runtime/lua/vim/_watch.lua
[10:58:52.532][info] [#0:script/workspace/loading.lua:113]: ++++As library of:	file:///usr/share/nvim/runtime/lua
[10:58:52.532][info] [#0:script/workspace/loading.lua:89]: Skip loaded file: file:///usr/share/nvim/runtime/lua/vim/lsp/codelens.lua
[10:58:52.532][info] [#0:script/workspace/loading.lua:113]: ++++As library of:	file:///usr/share/nvim/runtime/lua
[10:58:52.536][info] [#0:script/workspace/loading.lua:89]: Skip loaded file: file:///usr/share/nvim/runtime/lua/vim/lsp/codelens.lua
[10:58:52.536][info] [#0:script/workspace/loading.lua:113]: ++++As library of:	file:///usr/share/nvim/runtime/lua
[10:58:52.536][info] [#0:script/workspace/loading.lua:89]: Skip loaded file: file:///usr/share/nvim/runtime/lua/vim/lsp/types.lua
[10:58:52.536][info] [#0:script/workspace/loading.lua:113]: ++++As library of:	file:///usr/share/nvim/runtime/lua
[10:58:52.545][info] [#0:script/workspace/loading.lua:89]: Skip loaded file: file:///usr/share/nvim/runtime/lua/vim/lsp/types.lua
[10:58:52.545][info] [#0:script/workspace/loading.lua:113]: ++++As library of:	file:///usr/share/nvim/runtime/lua
[10:58:52.545][info] [#0:script/workspace/loading.lua:89]: Skip loaded file: file:///usr/share/nvim/runtime/lua/vim/lsp/diagnostic.lua
[10:58:52.545][info] [#0:script/workspace/loading.lua:113]: ++++As library of:	file:///usr/share/nvim/runtime/lua
[10:58:52.553][info] [#0:script/workspace/loading.lua:89]: Skip loaded file: file:///usr/share/nvim/runtime/lua/vim/lsp/diagnostic.lua
[10:58:52.553][info] [#0:script/workspace/loading.lua:113]: ++++As library of:	file:///usr/share/nvim/runtime/lua
[10:58:52.553][info] [#0:script/workspace/loading.lua:89]: Skip loaded file: file:///usr/share/nvim/runtime/lua/vim/lsp/sync.lua
[10:58:52.553][info] [#0:script/workspace/loading.lua:113]: ++++As library of:	file:///usr/share/nvim/runtime/lua
[10:58:52.557][info] [#0:script/workspace/loading.lua:89]: Skip loaded file: file:///usr/share/nvim/runtime/lua/vim/lsp/sync.lua
[10:58:52.557][info] [#0:script/workspace/loading.lua:113]: ++++As library of:	file:///usr/share/nvim/runtime/lua
[10:58:52.557][info] [#0:script/workspace/loading.lua:89]: Skip loaded file: file:///usr/share/nvim/runtime/lua/vim/lsp/handlers.lua
[10:58:52.557][info] [#0:script/workspace/loading.lua:113]: ++++As library of:	file:///usr/share/nvim/runtime/lua
[10:58:52.561][info] [#0:script/workspace/loading.lua:89]: Skip loaded file: file:///usr/share/nvim/runtime/lua/vim/lsp/handlers.lua
[10:58:52.561][info] [#0:script/workspace/loading.lua:113]: ++++As library of:	file:///usr/share/nvim/runtime/lua
[10:58:52.561][info] [#0:script/workspace/loading.lua:89]: Skip loaded file: file:///usr/share/nvim/runtime/lua/vim/lsp/buf.lua
[10:58:52.562][info] [#0:script/workspace/loading.lua:113]: ++++As library of:	file:///usr/share/nvim/runtime/lua
[10:58:52.566][info] [#0:script/workspace/loading.lua:89]: Skip loaded file: file:///usr/share/nvim/runtime/lua/vim/lsp/buf.lua
[10:58:52.566][info] [#0:script/workspace/loading.lua:113]: ++++As library of:	file:///usr/share/nvim/runtime/lua
[10:58:52.566][info] [#0:script/workspace/loading.lua:89]: Skip loaded file: file:///usr/share/nvim/runtime/lua/vim/lsp/protocol.lua
[10:58:52.566][info] [#0:script/workspace/loading.lua:113]: ++++As library of:	file:///usr/share/nvim/runtime/lua
[10:58:52.571][info] [#0:script/workspace/loading.lua:89]: Skip loaded file: file:///usr/share/nvim/runtime/lua/vim/lsp/protocol.lua
[10:58:52.571][info] [#0:script/workspace/loading.lua:113]: ++++As library of:	file:///usr/share/nvim/runtime/lua
[10:58:52.571][info] [#0:script/workspace/loading.lua:89]: Skip loaded file: file:///usr/share/nvim/runtime/lua/vim/lsp/tagfunc.lua
[10:58:52.571][info] [#0:script/workspace/loading.lua:113]: ++++As library of:	file:///usr/share/nvim/runtime/lua
[10:58:52.575][info] [#0:script/workspace/loading.lua:89]: Skip loaded file: file:///usr/share/nvim/runtime/lua/vim/lsp/tagfunc.lua
[10:58:52.575][info] [#0:script/workspace/loading.lua:113]: ++++As library of:	file:///usr/share/nvim/runtime/lua
[10:58:52.575][info] [#0:script/workspace/loading.lua:89]: Skip loaded file: file:///usr/share/nvim/runtime/lua/vim/lsp/semantic_tokens.lua
[10:58:52.575][info] [#0:script/workspace/loading.lua:113]: ++++As library of:	file:///usr/share/nvim/runtime/lua
[10:58:52.579][info] [#0:script/workspace/loading.lua:89]: Skip loaded file: file:///usr/share/nvim/runtime/lua/vim/lsp/semantic_tokens.lua
[10:58:52.579][info] [#0:script/workspace/loading.lua:113]: ++++As library of:	file:///usr/share/nvim/runtime/lua
[10:58:52.580][info] [#0:script/workspace/loading.lua:89]: Skip loaded file: file:///usr/share/nvim/runtime/lua/vim/lsp/_watchfiles.lua
[10:58:52.580][info] [#0:script/workspace/loading.lua:113]: ++++As library of:	file:///usr/share/nvim/runtime/lua
[10:58:52.584][info] [#0:script/workspace/loading.lua:89]: Skip loaded file: file:///usr/share/nvim/runtime/lua/vim/lsp/_watchfiles.lua
[10:58:52.584][info] [#0:script/workspace/loading.lua:113]: ++++As library of:	file:///usr/share/nvim/runtime/lua
[10:58:52.584][info] [#0:script/workspace/loading.lua:89]: Skip loaded file: file:///usr/share/nvim/runtime/lua/vim/lsp/rpc.lua
[10:58:52.584][info] [#0:script/workspace/loading.lua:113]: ++++As library of:	file:///usr/share/nvim/runtime/lua
[10:58:52.588][info] [#0:script/workspace/loading.lua:89]: Skip loaded file: file:///usr/share/nvim/runtime/lua/vim/lsp/rpc.lua
[10:58:52.588][info] [#0:script/workspace/loading.lua:113]: ++++As library of:	file:///usr/share/nvim/runtime/lua
[10:58:52.588][info] [#0:script/workspace/loading.lua:89]: Skip loaded file: file:///usr/share/nvim/runtime/lua/vim/lsp/_snippet.lua
[10:58:52.588][info] [#0:script/workspace/loading.lua:113]: ++++As library of:	file:///usr/share/nvim/runtime/lua
[10:58:52.593][info] [#0:script/workspace/loading.lua:89]: Skip loaded file: file:///usr/share/nvim/runtime/lua/vim/lsp/_snippet.lua
[10:58:52.593][info] [#0:script/workspace/loading.lua:113]: ++++As library of:	file:///usr/share/nvim/runtime/lua
[10:58:52.593][info] [#0:script/workspace/loading.lua:89]: Skip loaded file: file:///usr/share/nvim/runtime/lua/vim/lsp/health.lua
[10:58:52.593][info] [#0:script/workspace/loading.lua:113]: ++++As library of:	file:///usr/share/nvim/runtime/lua
[10:58:52.593][info] [#0:script/workspace/loading.lua:89]: Skip loaded file: file:///usr/share/nvim/runtime/lua/vim/lsp/health.lua
[10:58:52.593][info] [#0:script/workspace/loading.lua:113]: ++++As library of:	file:///usr/share/nvim/runtime/lua
[10:58:52.593][info] [#0:script/workspace/loading.lua:89]: Skip loaded file: file:///usr/share/nvim/runtime/lua/vim/lsp/util.lua
[10:58:52.593][info] [#0:script/workspace/loading.lua:113]: ++++As library of:	file:///usr/share/nvim/runtime/lua
[10:58:52.593][info] [#0:script/workspace/loading.lua:89]: Skip loaded file: file:///usr/share/nvim/runtime/lua/vim/lsp/util.lua
[10:58:52.593][info] [#0:script/workspace/loading.lua:113]: ++++As library of:	file:///usr/share/nvim/runtime/lua
[10:58:52.593][info] [#0:script/workspace/loading.lua:89]: Skip loaded file: file:///usr/share/nvim/runtime/lua/vim/lsp/log.lua
[10:58:52.593][info] [#0:script/workspace/loading.lua:113]: ++++As library of:	file:///usr/share/nvim/runtime/lua
[10:58:52.593][info] [#0:script/workspace/loading.lua:89]: Skip loaded file: file:///usr/share/nvim/runtime/lua/vim/lsp/log.lua
[10:58:52.593][info] [#0:script/workspace/loading.lua:113]: ++++As library of:	file:///usr/share/nvim/runtime/lua
[10:58:52.593][info] [#0:script/workspace/loading.lua:101]: Preload file at: file:///usr/share/nvim/runtime/lua/vim/treesitter.lua , size = 15.442 KB
[10:58:52.611][info] [#0:script/workspace/loading.lua:113]: ++++As library of:	file:///usr/share/nvim/runtime/lua
[10:58:52.611][info] [#0:script/workspace/loading.lua:98]: Skip loaded file: file:///usr/share/nvim/runtime/lua/vim/treesitter.lua
[10:58:52.611][info] [#0:script/workspace/loading.lua:101]: Preload file at: file:///usr/share/nvim/runtime/lua/nvim/health.lua , size = 12.706 KB
[10:58:52.625][info] [#0:script/workspace/loading.lua:113]: ++++As library of:	file:///usr/share/nvim/runtime/lua
[10:58:52.625][info] [#0:script/workspace/loading.lua:98]: Skip loaded file: file:///usr/share/nvim/runtime/lua/nvim/health.lua
[10:58:52.625][info] [#0:script/workspace/loading.lua:101]: Preload file at: file:///usr/share/nvim/runtime/lua/man.lua , size = 24.703 KB
[10:58:52.655][info] [#0:script/workspace/loading.lua:113]: ++++As library of:	file:///usr/share/nvim/runtime/lua
[10:58:52.655][info] [#0:script/workspace/loading.lua:101]: Preload file at: file:///home/_gri/.local/share/nvim/mason/packages/lua-language-server/libexec/meta/Lua%205.4%20en-us%20utf8/package.lua , size = 2.944 KB
[10:58:52.658][info] [#0:script/workspace/loading.lua:113]: ++++As library of:	file:///home/_gri/.local/share/nvim/mason/packages/lua-language-server/libexec/meta/Lua%205.4%20en-us%20utf8/package.lua
[10:58:52.659][info] [#0:script/workspace/loading.lua:98]: Skip loaded file: file:///home/_gri/.local/share/nvim/mason/packages/lua-language-server/libexec/meta/Lua%205.4%20en-us%20utf8/package.lua
[10:58:52.659][info] [#0:script/workspace/loading.lua:98]: Skip loaded file: file:///usr/share/nvim/runtime/lua/man.lua
[10:58:52.662][info] [#0:script/workspace/loading.lua:101]: Preload file at: file:///home/_gri/.local/share/nvim/mason/packages/lua-language-server/libexec/meta/Lua%205.4%20en-us%20utf8/utf8.lua , size = 2.386 KB
[10:58:52.666][info] [#0:script/workspace/loading.lua:113]: ++++As library of:	file:///home/_gri/.local/share/nvim/mason/packages/lua-language-server/libexec/meta/Lua%205.4%20en-us%20utf8/utf8.lua
[10:58:52.666][info] [#0:script/workspace/loading.lua:89]: Skip loaded file: file:///home/_gri/.local/share/nvim/mason/packages/lua-language-server/libexec/meta/Lua%205.4%20en-us%20utf8/utf8.lua
[10:58:52.666][info] [#0:script/workspace/loading.lua:113]: ++++As library of:	file:///home/_gri/.local/share/nvim/mason/packages/lua-language-server/libexec/meta/Lua%205.4%20en-us%20utf8/utf8.lua
[10:58:52.666][info] [#0:script/workspace/loading.lua:101]: Preload file at: file:///home/_gri/.local/share/nvim/mason/packages/lua-language-server/libexec/meta/Lua%205.4%20en-us%20utf8/io.lua , size = 6.364 KB
[10:58:52.673][info] [#0:script/workspace/loading.lua:113]: ++++As library of:	file:///home/_gri/.local/share/nvim/mason/packages/lua-language-server/libexec/meta/Lua%205.4%20en-us%20utf8/io.lua
[10:58:52.673][info] [#0:script/workspace/loading.lua:98]: Skip loaded file: file:///home/_gri/.local/share/nvim/mason/packages/lua-language-server/libexec/meta/Lua%205.4%20en-us%20utf8/io.lua
[10:58:52.674][info] [#0:script/workspace/loading.lua:101]: Preload file at: file:///home/_gri/.local/share/nvim/mason/packages/lua-language-server/libexec/meta/Lua%205.4%20en-us%20utf8/coroutine.lua , size = 2.590 KB
[10:58:52.677][info] [#0:script/workspace/loading.lua:113]: ++++As library of:	file:///home/_gri/.local/share/nvim/mason/packages/lua-language-server/libexec/meta/Lua%205.4%20en-us%20utf8/coroutine.lua
[10:58:52.677][info] [#0:script/workspace/loading.lua:98]: Skip loaded file: file:///home/_gri/.local/share/nvim/mason/packages/lua-language-server/libexec/meta/Lua%205.4%20en-us%20utf8/coroutine.lua
[10:58:52.677][info] [#0:script/workspace/loading.lua:101]: Preload file at: file:///home/_gri/.local/share/nvim/mason/packages/lua-language-server/libexec/meta/Lua%205.4%20en-us%20utf8/math.lua , size = 8.731 KB
[10:58:52.687][info] [#0:script/workspace/loading.lua:113]: ++++As library of:	file:///home/_gri/.local/share/nvim/mason/packages/lua-language-server/libexec/meta/Lua%205.4%20en-us%20utf8/math.lua
[10:58:52.687][info] [#0:script/workspace/loading.lua:89]: Skip loaded file: file:///home/_gri/.local/share/nvim/mason/packages/lua-language-server/libexec/meta/Lua%205.4%20en-us%20utf8/math.lua
[10:58:52.687][info] [#0:script/workspace/loading.lua:113]: ++++As library of:	file:///home/_gri/.local/share/nvim/mason/packages/lua-language-server/libexec/meta/Lua%205.4%20en-us%20utf8/math.lua
[10:58:52.688][info] [#0:script/workspace/loading.lua:101]: Preload file at: file:///home/_gri/.local/share/nvim/lazy/lazy.nvim/lua/lazy/core/cache.lua , size = 16.600 KB
[10:58:52.711][info] [#0:script/workspace/loading.lua:113]: ++++As library of:	file:///home/_gri/.local/share/nvim/lazy/lazy.nvim/lua/lazy
[10:58:52.711][info] [#0:script/workspace/loading.lua:98]: Skip loaded file: file:///home/_gri/.local/share/nvim/lazy/lazy.nvim/lua/lazy/core/cache.lua
[10:58:52.711][info] [#0:script/workspace/loading.lua:101]: Preload file at: file:///home/_gri/.local/share/nvim/lazy/lazy.nvim/lua/lazy/core/config.lua , size = 7.654 KB
[10:58:52.719][info] [#0:script/workspace/loading.lua:113]: ++++As library of:	file:///home/_gri/.local/share/nvim/lazy/lazy.nvim/lua/lazy
[10:58:52.719][info] [#0:script/workspace/loading.lua:98]: Skip loaded file: file:///home/_gri/.local/share/nvim/lazy/lazy.nvim/lua/lazy/core/config.lua
[10:58:52.719][info] [#0:script/workspace/loading.lua:101]: Preload file at: file:///home/_gri/.local/share/nvim/lazy/lazy.nvim/lua/lazy/core/plugin.lua , size = 12.258 KB
[10:58:52.737][info] [#0:script/workspace/loading.lua:113]: ++++As library of:	file:///home/_gri/.local/share/nvim/lazy/lazy.nvim/lua/lazy
[10:58:52.737][info] [#0:script/workspace/loading.lua:98]: Skip loaded file: file:///home/_gri/.local/share/nvim/lazy/lazy.nvim/lua/lazy/core/plugin.lua
[10:58:52.738][info] [#0:script/workspace/loading.lua:101]: Preload file at: file:///home/_gri/.local/share/nvim/lazy/lazy.nvim/lua/lazy/core/handler/event.lua , size = 2.612 KB
[10:58:52.743][info] [#0:script/workspace/loading.lua:113]: ++++As library of:	file:///home/_gri/.local/share/nvim/lazy/lazy.nvim/lua/lazy
[10:58:52.743][info] [#0:script/workspace/loading.lua:101]: Preload file at: file:///home/_gri/.local/share/nvim/lazy/lazy.nvim/lua/lazy/core/handler/ft.lua , size = 0.984 KB
[10:58:52.746][info] [#0:script/workspace/loading.lua:113]: ++++As library of:	file:///home/_gri/.local/share/nvim/lazy/lazy.nvim/lua/lazy
[10:58:52.746][info] [#0:script/workspace/loading.lua:98]: Skip loaded file: file:///home/_gri/.local/share/nvim/lazy/lazy.nvim/lua/lazy/core/handler/event.lua
[10:58:52.746][info] [#0:script/workspace/loading.lua:89]: Skip loaded file: file:///home/_gri/.local/share/nvim/lazy/lazy.nvim/lua/lazy/core/handler/ft.lua
[10:58:52.746][info] [#0:script/workspace/loading.lua:113]: ++++As library of:	file:///home/_gri/.local/share/nvim/lazy/lazy.nvim/lua/lazy
[10:58:52.746][info] [#0:script/workspace/loading.lua:101]: Preload file at: file:///home/_gri/.local/share/nvim/lazy/lazy.nvim/lua/lazy/core/handler/cmd.lua , size = 1.546 KB
[10:58:52.749][info] [#0:script/workspace/loading.lua:113]: ++++As library of:	file:///home/_gri/.local/share/nvim/lazy/lazy.nvim/lua/lazy
[10:58:52.749][info] [#0:script/workspace/loading.lua:98]: Skip loaded file: file:///home/_gri/.local/share/nvim/lazy/lazy.nvim/lua/lazy/core/handler/cmd.lua
[10:58:52.749][info] [#0:script/workspace/loading.lua:101]: Preload file at: file:///home/_gri/.local/share/nvim/lazy/lazy.nvim/lua/lazy/core/handler/init.lua , size = 2.373 KB
[10:58:52.753][info] [#0:script/workspace/loading.lua:113]: ++++As library of:	file:///home/_gri/.local/share/nvim/lazy/lazy.nvim/lua/lazy
[10:58:52.753][info] [#0:script/workspace/loading.lua:98]: Skip loaded file: file:///home/_gri/.local/share/nvim/lazy/lazy.nvim/lua/lazy/core/handler/init.lua
[10:58:52.754][info] [#0:script/workspace/loading.lua:101]: Preload file at: file:///home/_gri/.local/share/nvim/lazy/lazy.nvim/lua/lazy/core/handler/keys.lua , size = 2.313 KB
[10:58:52.758][info] [#0:script/workspace/loading.lua:113]: ++++As library of:	file:///home/_gri/.local/share/nvim/lazy/lazy.nvim/lua/lazy
[10:58:52.758][info] [#0:script/workspace/loading.lua:89]: Skip loaded file: file:///home/_gri/.local/share/nvim/lazy/lazy.nvim/lua/lazy/core/handler/keys.lua
[10:58:52.758][info] [#0:script/workspace/loading.lua:113]: ++++As library of:	file:///home/_gri/.local/share/nvim/lazy/lazy.nvim/lua/lazy
[10:58:52.758][info] [#0:script/workspace/loading.lua:101]: Preload file at: file:///home/_gri/.local/share/nvim/lazy/lazy.nvim/lua/lazy/core/loader.lua , size = 12.446 KB
[10:58:52.776][info] [#0:script/workspace/loading.lua:113]: ++++As library of:	file:///home/_gri/.local/share/nvim/lazy/lazy.nvim/lua/lazy
[10:58:52.776][info] [#0:script/workspace/loading.lua:101]: Preload file at: file:///home/_gri/.local/share/nvim/lazy/lazy.nvim/lua/lazy/core/util.lua , size = 9.879 KB
[10:58:52.794][info] [#0:script/workspace/loading.lua:113]: ++++As library of:	file:///home/_gri/.local/share/nvim/lazy/lazy.nvim/lua/lazy
[10:58:52.794][info] [#0:script/workspace/loading.lua:98]: Skip loaded file: file:///home/_gri/.local/share/nvim/lazy/lazy.nvim/lua/lazy/core/loader.lua
[10:58:52.794][info] [#0:script/workspace/loading.lua:98]: Skip loaded file: file:///home/_gri/.local/share/nvim/lazy/lazy.nvim/lua/lazy/core/util.lua
[10:58:52.794][info] [#0:script/workspace/loading.lua:101]: Preload file at: file:///home/_gri/.local/share/nvim/lazy/lazy.nvim/lua/lazy/types.lua , size = 2.641 KB
[10:58:52.799][info] [#0:script/workspace/loading.lua:113]: ++++As library of:	file:///home/_gri/.local/share/nvim/lazy/lazy.nvim/lua/lazy
[10:58:52.799][info] [#0:script/workspace/loading.lua:98]: Skip loaded file: file:///home/_gri/.local/share/nvim/lazy/lazy.nvim/lua/lazy/types.lua
[10:58:52.800][info] [#0:script/workspace/loading.lua:101]: Preload file at: file:///home/_gri/.local/share/nvim/lazy/lazy.nvim/lua/lazy/status.lua , size = 0.353 KB
[10:58:52.801][info] [#0:script/workspace/loading.lua:113]: ++++As library of:	file:///home/_gri/.local/share/nvim/lazy/lazy.nvim/lua/lazy
[10:58:52.801][info] [#0:script/workspace/loading.lua:89]: Skip loaded file: file:///home/_gri/.local/share/nvim/lazy/lazy.nvim/lua/lazy/status.lua
[10:58:52.801][info] [#0:script/workspace/loading.lua:113]: ++++As library of:	file:///home/_gri/.local/share/nvim/lazy/lazy.nvim/lua/lazy
[10:58:52.801][info] [#0:script/workspace/loading.lua:101]: Preload file at: file:///home/_gri/.local/share/nvim/lazy/lazy.nvim/lua/lazy/example.lua , size = 2.643 KB
[10:58:52.803][info] [#0:script/workspace/loading.lua:113]: ++++As library of:	file:///home/_gri/.local/share/nvim/lazy/lazy.nvim/lua/lazy
[10:58:52.808][info] [#0:script/workspace/loading.lua:89]: Skip loaded file: file:///home/_gri/.local/share/nvim/lazy/lazy.nvim/lua/lazy/example.lua
[10:58:52.808][info] [#0:script/workspace/loading.lua:113]: ++++As library of:	file:///home/_gri/.local/share/nvim/lazy/lazy.nvim/lua/lazy
[10:58:52.809][info] [#0:script/workspace/loading.lua:101]: Preload file at: file:///home/_gri/.local/share/nvim/lazy/lazy.nvim/lua/lazy/state.lua , size = 0.859 KB
[10:58:52.811][info] [#0:script/workspace/loading.lua:113]: ++++As library of:	file:///home/_gri/.local/share/nvim/lazy/lazy.nvim/lua/lazy
[10:58:52.816][info] [#0:script/workspace/loading.lua:89]: Skip loaded file: file:///home/_gri/.local/share/nvim/lazy/lazy.nvim/lua/lazy/state.lua
[10:58:52.816][info] [#0:script/workspace/loading.lua:113]: ++++As library of:	file:///home/_gri/.local/share/nvim/lazy/lazy.nvim/lua/lazy
[10:58:52.817][info] [#0:script/workspace/loading.lua:101]: Preload file at: file:///home/_gri/.local/share/nvim/lazy/lazy.nvim/lua/lazy/view/text.lua , size = 3.549 KB
[10:58:52.823][info] [#0:script/workspace/loading.lua:113]: ++++As library of:	file:///home/_gri/.local/share/nvim/lazy/lazy.nvim/lua/lazy
[10:58:52.835][info] [#0:script/workspace/loading.lua:89]: Skip loaded file: file:///home/_gri/.local/share/nvim/lazy/lazy.nvim/lua/lazy/view/text.lua
[10:58:52.835][info] [#0:script/workspace/loading.lua:113]: ++++As library of:	file:///home/_gri/.local/share/nvim/lazy/lazy.nvim/lua/lazy
[10:58:52.836][info] [#0:script/workspace/loading.lua:101]: Preload file at: file:///home/_gri/.local/share/nvim/lazy/lazy.nvim/lua/lazy/view/commands.lua , size = 2.984 KB
[10:58:52.841][info] [#0:script/workspace/loading.lua:113]: ++++As library of:	file:///home/_gri/.local/share/nvim/lazy/lazy.nvim/lua/lazy
[10:58:52.853][info] [#0:script/workspace/loading.lua:89]: Skip loaded file: file:///home/_gri/.local/share/nvim/lazy/lazy.nvim/lua/lazy/view/commands.lua
[10:58:52.853][info] [#0:script/workspace/loading.lua:113]: ++++As library of:	file:///home/_gri/.local/share/nvim/lazy/lazy.nvim/lua/lazy
[10:58:52.853][info] [#0:script/workspace/loading.lua:101]: Preload file at: file:///home/_gri/.local/share/nvim/lazy/lazy.nvim/lua/lazy/view/float.lua , size = 5.566 KB
[10:58:52.864][info] [#0:script/workspace/loading.lua:113]: ++++As library of:	file:///home/_gri/.local/share/nvim/lazy/lazy.nvim/lua/lazy
[10:58:52.869][info] [#0:script/workspace/loading.lua:89]: Skip loaded file: file:///home/_gri/.local/share/nvim/lazy/lazy.nvim/lua/lazy/view/float.lua
[10:58:52.869][info] [#0:script/workspace/loading.lua:113]: ++++As library of:	file:///home/_gri/.local/share/nvim/lazy/lazy.nvim/lua/lazy
[10:58:52.870][info] [#0:script/workspace/loading.lua:101]: Preload file at: file:///home/_gri/.local/share/nvim/lazy/lazy.nvim/lua/lazy/view/colors.lua , size = 1.474 KB
[10:58:52.872][info] [#0:script/workspace/loading.lua:113]: ++++As library of:	file:///home/_gri/.local/share/nvim/lazy/lazy.nvim/lua/lazy
[10:58:52.877][info] [#0:script/workspace/loading.lua:89]: Skip loaded file: file:///home/_gri/.local/share/nvim/lazy/lazy.nvim/lua/lazy/view/colors.lua
[10:58:52.877][info] [#0:script/workspace/loading.lua:113]: ++++As library of:	file:///home/_gri/.local/share/nvim/lazy/lazy.nvim/lua/lazy
[10:58:52.877][info] [#0:script/workspace/loading.lua:101]: Preload file at: file:///home/_gri/.local/share/nvim/lazy/lazy.nvim/lua/lazy/view/render.lua , size = 20.375 KB
[10:58:52.912][info] [#0:script/workspace/loading.lua:113]: ++++As library of:	file:///home/_gri/.local/share/nvim/lazy/lazy.nvim/lua/lazy
[10:58:52.917][info] [#0:script/workspace/loading.lua:89]: Skip loaded file: file:///home/_gri/.local/share/nvim/lazy/lazy.nvim/lua/lazy/view/render.lua
[10:58:52.917][info] [#0:script/workspace/loading.lua:113]: ++++As library of:	file:///home/_gri/.local/share/nvim/lazy/lazy.nvim/lua/lazy
[10:58:52.917][info] [#0:script/workspace/loading.lua:101]: Preload file at: file:///home/_gri/.local/share/nvim/lazy/lazy.nvim/lua/lazy/view/config.lua , size = 3.338 KB
[10:58:52.921][info] [#0:script/workspace/loading.lua:113]: ++++As library of:	file:///home/_gri/.local/share/nvim/lazy/lazy.nvim/lua/lazy
[10:58:52.926][info] [#0:script/workspace/loading.lua:89]: Skip loaded file: file:///home/_gri/.local/share/nvim/lazy/lazy.nvim/lua/lazy/view/config.lua
[10:58:52.926][info] [#0:script/workspace/loading.lua:113]: ++++As library of:	file:///home/_gri/.local/share/nvim/lazy/lazy.nvim/lua/lazy
[10:58:52.926][info] [#0:script/workspace/loading.lua:101]: Preload file at: file:///home/_gri/.local/share/nvim/lazy/lazy.nvim/lua/lazy/view/init.lua , size = 7.343 KB
[10:58:52.938][info] [#0:script/workspace/loading.lua:113]: ++++As library of:	file:///home/_gri/.local/share/nvim/lazy/lazy.nvim/lua/lazy
[10:58:52.943][info] [#0:script/workspace/loading.lua:89]: Skip loaded file: file:///home/_gri/.local/share/nvim/lazy/lazy.nvim/lua/lazy/view/init.lua
[10:58:52.943][info] [#0:script/workspace/loading.lua:113]: ++++As library of:	file:///home/_gri/.local/share/nvim/lazy/lazy.nvim/lua/lazy
[10:58:52.944][info] [#0:script/workspace/loading.lua:101]: Preload file at: file:///home/_gri/.local/share/nvim/lazy/lazy.nvim/lua/lazy/view/sections.lua , size = 2.250 KB
[10:58:52.948][info] [#0:script/workspace/loading.lua:113]: ++++As library of:	file:///home/_gri/.local/share/nvim/lazy/lazy.nvim/lua/lazy
[10:58:52.952][info] [#0:script/workspace/loading.lua:89]: Skip loaded file: file:///home/_gri/.local/share/nvim/lazy/lazy.nvim/lua/lazy/view/sections.lua
[10:58:52.952][info] [#0:script/workspace/loading.lua:113]: ++++As library of:	file:///home/_gri/.local/share/nvim/lazy/lazy.nvim/lua/lazy
[10:58:52.953][info] [#0:script/workspace/loading.lua:101]: Preload file at: file:///home/_gri/.local/share/nvim/lazy/lazy.nvim/lua/lazy/view/diff.lua , size = 1.585 KB
[10:58:52.956][info] [#0:script/workspace/loading.lua:113]: ++++As library of:	file:///home/_gri/.local/share/nvim/lazy/lazy.nvim/lua/lazy
[10:58:52.961][info] [#0:script/workspace/loading.lua:89]: Skip loaded file: file:///home/_gri/.local/share/nvim/lazy/lazy.nvim/lua/lazy/view/diff.lua
[10:58:52.961][info] [#0:script/workspace/loading.lua:113]: ++++As library of:	file:///home/_gri/.local/share/nvim/lazy/lazy.nvim/lua/lazy
[10:58:52.961][info] [#0:script/workspace/loading.lua:101]: Preload file at: file:///home/_gri/.local/share/nvim/lazy/lazy.nvim/lua/lazy/manage/reloader.lua , size = 2.451 KB
[10:58:52.966][info] [#0:script/workspace/loading.lua:113]: ++++As library of:	file:///home/_gri/.local/share/nvim/lazy/lazy.nvim/lua/lazy
[10:58:52.971][info] [#0:script/workspace/loading.lua:89]: Skip loaded file: file:///home/_gri/.local/share/nvim/lazy/lazy.nvim/lua/lazy/manage/reloader.lua
[10:58:52.972][info] [#0:script/workspace/loading.lua:113]: ++++As library of:	file:///home/_gri/.local/share/nvim/lazy/lazy.nvim/lua/lazy
[10:58:52.972][info] [#0:script/workspace/loading.lua:101]: Preload file at: file:///home/_gri/.local/share/nvim/lazy/lazy.nvim/lua/lazy/manage/runner.lua , size = 3.957 KB
[10:58:53.092][warn] [#0:script/files.lua:695]: Compile [file:///home/_gri/.local/share/nvim/lazy/lazy.nvim/lua/lazy/manage/runner.lua] takes [0.118] sec, size [4.052] kb.
[10:58:53.099][info] [#0:script/workspace/loading.lua:113]: ++++As library of:	file:///home/_gri/.local/share/nvim/lazy/lazy.nvim/lua/lazy
[10:58:53.108][info] [#0:script/workspace/loading.lua:89]: Skip loaded file: file:///home/_gri/.local/share/nvim/lazy/lazy.nvim/lua/lazy/manage/runner.lua
[10:58:53.108][info] [#0:script/workspace/loading.lua:113]: ++++As library of:	file:///home/_gri/.local/share/nvim/lazy/lazy.nvim/lua/lazy
[10:58:53.108][info] [#0:script/workspace/loading.lua:101]: Preload file at: file:///home/_gri/.local/share/nvim/lazy/lazy.nvim/lua/lazy/manage/lock.lua , size = 1.810 KB
[10:58:53.113][info] [#0:script/workspace/loading.lua:113]: ++++As library of:	file:///home/_gri/.local/share/nvim/lazy/lazy.nvim/lua/lazy
[10:58:53.113][info] [#0:script/workspace/loading.lua:98]: Skip loaded file: file:///home/_gri/.local/share/nvim/lazy/lazy.nvim/lua/lazy/manage/lock.lua
[10:58:53.113][info] [#0:script/workspace/loading.lua:101]: Preload file at: file:///home/_gri/.local/share/nvim/lazy/lazy.nvim/lua/lazy/manage/checker.lua , size = 2.306 KB
[10:58:53.118][info] [#0:script/workspace/loading.lua:113]: ++++As library of:	file:///home/_gri/.local/share/nvim/lazy/lazy.nvim/lua/lazy
[10:58:53.118][info] [#0:script/workspace/loading.lua:98]: Skip loaded file: file:///home/_gri/.local/share/nvim/lazy/lazy.nvim/lua/lazy/manage/checker.lua
[10:58:53.118][info] [#0:script/workspace/loading.lua:101]: Preload file at: file:///home/_gri/.local/share/nvim/lazy/lazy.nvim/lua/lazy/manage/process.lua , size = 3.817 KB
[10:58:53.124][info] [#0:script/workspace/loading.lua:113]: ++++As library of:	file:///home/_gri/.local/share/nvim/lazy/lazy.nvim/lua/lazy
[10:58:53.125][info] [#0:script/workspace/loading.lua:98]: Skip loaded file: file:///home/_gri/.local/share/nvim/lazy/lazy.nvim/lua/lazy/manage/process.lua
[10:58:53.125][info] [#0:script/workspace/loading.lua:101]: Preload file at: file:///home/_gri/.local/share/nvim/lazy/lazy.nvim/lua/lazy/manage/init.lua , size = 5.248 KB
[10:58:53.134][info] [#0:script/workspace/loading.lua:113]: ++++As library of:	file:///home/_gri/.local/share/nvim/lazy/lazy.nvim/lua/lazy
[10:58:53.135][info] [#0:script/workspace/loading.lua:89]: Skip loaded file: file:///home/_gri/.local/share/nvim/lazy/lazy.nvim/lua/lazy/manage/init.lua
[10:58:53.135][info] [#0:script/workspace/loading.lua:113]: ++++As library of:	file:///home/_gri/.local/share/nvim/lazy/lazy.nvim/lua/lazy
[10:58:53.135][info] [#0:script/workspace/loading.lua:101]: Preload file at: file:///home/_gri/.local/share/nvim/lazy/lazy.nvim/lua/lazy/manage/task/fs.lua , size = 0.740 KB
[10:58:53.137][info] [#0:script/workspace/loading.lua:113]: ++++As library of:	file:///home/_gri/.local/share/nvim/lazy/lazy.nvim/lua/lazy
[10:58:53.137][info] [#0:script/workspace/loading.lua:98]: Skip loaded file: file:///home/_gri/.local/share/nvim/lazy/lazy.nvim/lua/lazy/manage/task/fs.lua
[10:58:53.137][info] [#0:script/workspace/loading.lua:101]: Preload file at: file:///home/_gri/.local/share/nvim/lazy/lazy.nvim/lua/lazy/manage/task/plugin.lua , size = 1.508 KB
[10:58:53.140][info] [#0:script/workspace/loading.lua:113]: ++++As library of:	file:///home/_gri/.local/share/nvim/lazy/lazy.nvim/lua/lazy
[10:58:53.140][info] [#0:script/workspace/loading.lua:98]: Skip loaded file: file:///home/_gri/.local/share/nvim/lazy/lazy.nvim/lua/lazy/manage/task/plugin.lua
[10:58:53.140][info] [#0:script/workspace/loading.lua:101]: Preload file at: file:///home/_gri/.local/share/nvim/lazy/lazy.nvim/lua/lazy/manage/task/init.lua , size = 3.822 KB
[10:58:53.150][info] [#0:script/workspace/loading.lua:113]: ++++As library of:	file:///home/_gri/.local/share/nvim/lazy/lazy.nvim/lua/lazy
[10:58:53.150][info] [#0:script/workspace/loading.lua:98]: Skip loaded file: file:///home/_gri/.local/share/nvim/lazy/lazy.nvim/lua/lazy/manage/task/init.lua
[10:58:53.150][info] [#0:script/workspace/loading.lua:101]: Preload file at: file:///home/_gri/.local/share/nvim/lazy/lazy.nvim/lua/lazy/manage/task/git.lua , size = 6.532 KB
[10:58:53.160][info] [#0:script/workspace/loading.lua:113]: ++++As library of:	file:///home/_gri/.local/share/nvim/lazy/lazy.nvim/lua/lazy
[10:58:53.160][info] [#0:script/workspace/loading.lua:98]: Skip loaded file: file:///home/_gri/.local/share/nvim/lazy/lazy.nvim/lua/lazy/manage/task/git.lua
[10:58:53.160][info] [#0:script/workspace/loading.lua:101]: Preload file at: file:///home/_gri/.local/share/nvim/lazy/lazy.nvim/lua/lazy/manage/semver.lua , size = 4.409 KB
[10:58:53.168][info] [#0:script/workspace/loading.lua:113]: ++++As library of:	file:///home/_gri/.local/share/nvim/lazy/lazy.nvim/lua/lazy
[10:58:53.168][info] [#0:script/workspace/loading.lua:101]: Preload file at: file:///home/_gri/.local/share/nvim/lazy/lazy.nvim/lua/lazy/manage/git.lua , size = 6.040 KB
[10:58:53.178][info] [#0:script/workspace/loading.lua:113]: ++++As library of:	file:///home/_gri/.local/share/nvim/lazy/lazy.nvim/lua/lazy
[10:58:53.178][info] [#0:script/workspace/loading.lua:98]: Skip loaded file: file:///home/_gri/.local/share/nvim/lazy/lazy.nvim/lua/lazy/manage/semver.lua
[10:58:53.178][info] [#0:script/workspace/loading.lua:89]: Skip loaded file: file:///home/_gri/.local/share/nvim/lazy/lazy.nvim/lua/lazy/manage/git.lua
[10:58:53.178][info] [#0:script/workspace/loading.lua:113]: ++++As library of:	file:///home/_gri/.local/share/nvim/lazy/lazy.nvim/lua/lazy
[10:58:53.178][info] [#0:script/workspace/loading.lua:101]: Preload file at: file:///home/_gri/.local/share/nvim/lazy/lazy.nvim/lua/lazy/stats.lua , size = 2.068 KB
[10:58:53.181][info] [#0:script/workspace/loading.lua:113]: ++++As library of:	file:///home/_gri/.local/share/nvim/lazy/lazy.nvim/lua/lazy
[10:58:53.181][info] [#0:script/workspace/loading.lua:98]: Skip loaded file: file:///home/_gri/.local/share/nvim/lazy/lazy.nvim/lua/lazy/stats.lua
[10:58:53.181][info] [#0:script/workspace/loading.lua:101]: Preload file at: file:///home/_gri/.local/share/nvim/lazy/lazy.nvim/lua/lazy/init.lua , size = 3.058 KB
[10:58:53.186][info] [#0:script/workspace/loading.lua:113]: ++++As library of:	file:///home/_gri/.local/share/nvim/lazy/lazy.nvim/lua/lazy
[10:58:53.186][info] [#0:script/workspace/loading.lua:101]: Preload file at: file:///home/_gri/.local/share/nvim/lazy/lazy.nvim/lua/lazy/help.lua , size = 2.216 KB
[10:58:53.191][info] [#0:script/workspace/loading.lua:113]: ++++As library of:	file:///home/_gri/.local/share/nvim/lazy/lazy.nvim/lua/lazy
[10:58:53.191][info] [#0:script/workspace/loading.lua:98]: Skip loaded file: file:///home/_gri/.local/share/nvim/lazy/lazy.nvim/lua/lazy/init.lua
[10:58:53.191][info] [#0:script/workspace/loading.lua:89]: Skip loaded file: file:///home/_gri/.local/share/nvim/lazy/lazy.nvim/lua/lazy/help.lua
[10:58:53.191][info] [#0:script/workspace/loading.lua:113]: ++++As library of:	file:///home/_gri/.local/share/nvim/lazy/lazy.nvim/lua/lazy
[10:58:53.192][info] [#0:script/workspace/loading.lua:101]: Preload file at: file:///home/_gri/.local/share/nvim/lazy/lazy.nvim/lua/lazy/health.lua , size = 3.301 KB
[10:58:53.197][info] [#0:script/workspace/loading.lua:113]: ++++As library of:	file:///home/_gri/.local/share/nvim/lazy/lazy.nvim/lua/lazy
[10:58:53.197][info] [#0:script/workspace/loading.lua:98]: Skip loaded file: file:///home/_gri/.local/share/nvim/lazy/lazy.nvim/lua/lazy/health.lua
[10:58:53.197][info] [#0:script/workspace/loading.lua:101]: Preload file at: file:///home/_gri/.local/share/nvim/lazy/lazy.nvim/lua/lazy/util.lua , size = 5.437 KB
[10:58:53.206][info] [#0:script/workspace/loading.lua:113]: ++++As library of:	file:///home/_gri/.local/share/nvim/lazy/lazy.nvim/lua/lazy
[10:58:53.206][info] [#0:script/workspace/loading.lua:98]: Skip loaded file: file:///home/_gri/.local/share/nvim/lazy/lazy.nvim/lua/lazy/util.lua
[10:58:53.206][info] [#0:script/workspace/loading.lua:101]: Preload file at: file:///home/_gri/.local/share/nvim/lazy/lazy.nvim/lua/lazy/docs.lua , size = 4.453 KB
[10:58:53.213][info] [#0:script/workspace/loading.lua:113]: ++++As library of:	file:///home/_gri/.local/share/nvim/lazy/lazy.nvim/lua/lazy
[10:58:53.213][info] [#0:script/workspace/loading.lua:98]: Skip loaded file: file:///home/_gri/.local/share/nvim/lazy/lazy.nvim/lua/lazy/docs.lua
[10:58:53.214][info] [#0:script/workspace/loading.lua:101]: Preload file at: file:///home/_gri/.local/share/nvim/mason/packages/lua-language-server/libexec/meta/Lua%205.4%20en-us%20utf8/string.lua , size = 6.302 KB
[10:58:53.220][info] [#0:script/workspace/loading.lua:113]: ++++As library of:	file:///home/_gri/.local/share/nvim/mason/packages/lua-language-server/libexec/meta/Lua%205.4%20en-us%20utf8/string.lua
[10:58:53.221][info] [#0:script/workspace/loading.lua:98]: Skip loaded file: file:///home/_gri/.local/share/nvim/mason/packages/lua-language-server/libexec/meta/Lua%205.4%20en-us%20utf8/string.lua
[10:58:53.221][info] [#0:script/workspace/loading.lua:101]: Preload file at: file:///home/_gri/.local/share/nvim/mason/packages/lua-language-server/libexec/meta/Lua%205.4%20en-us%20utf8/os.lua , size = 4.347 KB
[10:58:53.225][info] [#0:script/workspace/loading.lua:113]: ++++As library of:	file:///home/_gri/.local/share/nvim/mason/packages/lua-language-server/libexec/meta/Lua%205.4%20en-us%20utf8/os.lua
[10:58:53.226][info] [#0:script/workspace/loading.lua:89]: Skip loaded file: file:///home/_gri/.local/share/nvim/mason/packages/lua-language-server/libexec/meta/Lua%205.4%20en-us%20utf8/os.lua
[10:58:53.226][info] [#0:script/workspace/loading.lua:113]: ++++As library of:	file:///home/_gri/.local/share/nvim/mason/packages/lua-language-server/libexec/meta/Lua%205.4%20en-us%20utf8/os.lua
[10:58:53.229][info] [#0:script/workspace/loading.lua:173]: Loaded files takes [1.861] sec: <fallback>
[10:58:53.229][info] [#0:script/workspace/loading.lua:182]: Compile files takes [0.000] sec: <fallback>
[10:58:53.229][info] [#0:script/workspace/loading.lua:183]: Loaded finish:	<fallback>
[10:58:53.229][info] [#0:script/workspace/workspace.lua:379]: Preload finish at:	<fallback>
[10:58:53.264][info] [#0:script/workspace/loading.lua:89]: Skip loaded file: file:///home/_gri/.config/nvim/lua/core/init.lua
[10:58:53.264][info] [#0:script/workspace/loading.lua:101]: Preload file at: file:///home/_gri/.config/nvim/lua/core/default_config.lua , size = 3.079 KB
[10:58:53.268][info] [#0:script/workspace/loading.lua:101]: Preload file at: file:///home/_gri/.config/nvim/lua/core/bootstrap.lua , size = 1.672 KB
[10:58:53.271][info] [#0:script/workspace/loading.lua:101]: Preload file at: file:///home/_gri/.config/nvim/lua/core/mappings.lua , size = 9.954 KB
[10:58:53.280][info] [#0:script/workspace/loading.lua:101]: Preload file at: file:///home/_gri/.config/nvim/lua/core/utils.lua , size = 3.461 KB
[10:58:53.284][info] [#0:script/workspace/loading.lua:101]: Preload file at: file:///home/_gri/.config/nvim/lua/plugins/init.lua , size = 6.908 KB
[10:58:53.291][info] [#0:script/workspace/loading.lua:101]: Preload file at: file:///home/_gri/.config/nvim/lua/plugins/configs/nvimtree.lua , size = 1.478 KB
[10:58:53.292][info] [#0:script/workspace/loading.lua:101]: Preload file at: file:///home/_gri/.config/nvim/lua/plugins/configs/lspconfig.lua , size = 1.566 KB
[10:58:53.294][info] [#0:script/workspace/loading.lua:101]: Preload file at: file:///home/_gri/.config/nvim/lua/plugins/configs/telescope.lua , size = 1.626 KB
[10:58:53.296][info] [#0:script/workspace/loading.lua:101]: Preload file at: file:///home/_gri/.config/nvim/lua/plugins/configs/lazy_nvim.lua , size = 0.821 KB
[10:58:53.297][info] [#0:script/workspace/loading.lua:101]: Preload file at: file:///home/_gri/.config/nvim/lua/plugins/configs/others.lua , size = 1.918 KB
[10:58:53.299][info] [#0:script/workspace/loading.lua:101]: Preload file at: file:///home/_gri/.config/nvim/lua/plugins/configs/whichkey.lua , size = 0.771 KB
[10:58:53.300][info] [#0:script/workspace/loading.lua:101]: Preload file at: file:///home/_gri/.config/nvim/lua/plugins/configs/mason.lua , size = 0.579 KB
[10:58:53.301][info] [#0:script/workspace/loading.lua:101]: Preload file at: file:///home/_gri/.config/nvim/lua/plugins/configs/cmp.lua , size = 3.074 KB
[10:58:53.304][info] [#0:script/workspace/loading.lua:101]: Preload file at: file:///home/_gri/.config/nvim/lua/plugins/configs/treesitter.lua , size = 0.165 KB
[10:58:53.305][info] [#0:script/workspace/loading.lua:101]: Preload file at: file:///home/_gri/.config/nvim/init.lua , size = 0.500 KB
[10:58:53.307][info] [#0:script/workspace/loading.lua:173]: Loaded files takes [1.939] sec: file:///home/_gri/.config/nvim
[10:58:53.307][info] [#0:script/workspace/loading.lua:182]: Compile files takes [0.000] sec: file:///home/_gri/.config/nvim
[10:58:53.307][info] [#0:script/workspace/loading.lua:183]: Loaded finish:	file:///home/_gri/.config/nvim
[10:58:53.307][info] [#0:script/workspace/workspace.lua:379]: Preload finish at:	file:///home/_gri/.config/nvim
[10:58:53.353][info] [#0:script/provider/diagnostic.lua:557]: Diagnostics scope [file:///home/_gri/.config/nvim], files count:[125]
[10:58:53.354][warn] [#0:script/proto/proto.lua:178]: Method [textDocument/didOpen] takes [2.063]sec. {
  jsonrpc = "2.0",
  method = "textDocument/didOpen",
  params = {
    textDocument = {
      languageId = "lua",
      text = '"***"',
      uri = "file:///home/_gri/.config/nvim/lua/core/init.lua",
      version = 0
    }
  }
}
[10:58:54.021][warn] [#0:script/core/diagnostics/init.lua:136]: Diagnostics [deprecated] @ [file:///home/_gri/.config/nvim/lua/core/init.lua] takes [0.614] sec!
[10:58:54.325][info] [#0:script/provider/diagnostic.lua:574]: Diagnostics scope [file:///home/_gri/.config/nvim] finished, takes [0.967] sec.
[10:58:54.738][info] [#0:script/provider/provider.lua:169]: Server shutdown.
[10:58:54.739][warn] [#0:script/pub/report.lua:25]: Load proto error:	Disconnected!
